<?xml version="1.0" encoding="UTF-8"?>
<testsuite xmlns:xsi="http://www.w3.org/2001/XMLSchema-instance" xsi:noNamespaceSchemaLocation="https://maven.apache.org/surefire/maven-surefire-plugin/xsd/surefire-test-report-3.0.xsd" version="3.0" name="ec.edu.espe.AlertSystem.view.BossViewTest" time="0.225" tests="5" errors="5" skipped="0" failures="0">
  <properties>
[...]
</properties>
  <testcase name="testShowBossMenu" classname="ec.edu.espe.AlertSystem.view.BossViewTest" time="0.071">
    <error message="Cannot invoke &quot;ec.edu.espe.AlertSystem.view.BossView.showBossMenu()&quot; because &quot;instance&quot; is null" type="java.lang.NullPointerException"><![CDATA[java.lang.NullPointerException: Cannot invoke "ec.edu.espe.AlertSystem.view.BossView.showBossMenu()" because "instance" is null
	at ec.edu.espe.AlertSystem.view.BossViewTest.testShowBossMenu(BossViewTest.java:46)
	at java.base/java.lang.reflect.Method.invoke(Method.java:565)
	at java.base/java.util.ArrayList.forEach(ArrayList.java:1604)
	at java.base/java.util.ArrayList.forEach(ArrayList.java:1604)
]]></error>
    <system-out><![CDATA[showBossMenu
]]></system-out>
  </testcase>
  <testcase name="testManageTasks" classname="ec.edu.espe.AlertSystem.view.BossViewTest" time="0.005">
    <error message="Cannot invoke &quot;ec.edu.espe.AlertSystem.view.BossView.manageTasks()&quot; because &quot;instance&quot; is null" type="java.lang.NullPointerException"><![CDATA[java.lang.NullPointerException: Cannot invoke "ec.edu.espe.AlertSystem.view.BossView.manageTasks()" because "instance" is null
	at ec.edu.espe.AlertSystem.view.BossViewTest.testManageTasks(BossViewTest.java:68)
	at java.base/java.lang.reflect.Method.invoke(Method.java:565)
	at java.base/java.util.ArrayList.forEach(ArrayList.java:1604)
	at java.base/java.util.ArrayList.forEach(ArrayList.java:1604)
]]></error>
    <system-out><![CDATA[manageTasks
]]></system-out>
  </testcase>
  <testcase name="testManageInvoices" classname="ec.edu.espe.AlertSystem.view.BossViewTest" time="0.005">
    <error message="Cannot invoke &quot;ec.edu.espe.AlertSystem.view.BossView.manageInvoices()&quot; because &quot;instance&quot; is null" type="java.lang.NullPointerException"><![CDATA[java.lang.NullPointerException: Cannot invoke "ec.edu.espe.AlertSystem.view.BossView.manageInvoices()" because "instance" is null
	at ec.edu.espe.AlertSystem.view.BossViewTest.testManageInvoices(BossViewTest.java:79)
	at java.base/java.lang.reflect.Method.invoke(Method.java:565)
	at java.base/java.util.ArrayList.forEach(ArrayList.java:1604)
	at java.base/java.util.ArrayList.forEach(ArrayList.java:1604)
]]></error>
    <system-out><![CDATA[manageInvoices
]]></system-out>
  </testcase>
  <testcase name="testCreateTask" classname="ec.edu.espe.AlertSystem.view.BossViewTest" time="0.01">
    <error message="Cannot invoke &quot;ec.edu.espe.AlertSystem.view.BossView.createTask()&quot; because &quot;instance&quot; is null" type="java.lang.NullPointerException"><![CDATA[java.lang.NullPointerException: Cannot invoke "ec.edu.espe.AlertSystem.view.BossView.createTask()" because "instance" is null
	at ec.edu.espe.AlertSystem.view.BossViewTest.testCreateTask(BossViewTest.java:90)
	at java.base/java.lang.reflect.Method.invoke(Method.java:565)
	at java.base/java.util.ArrayList.forEach(ArrayList.java:1604)
	at java.base/java.util.ArrayList.forEach(ArrayList.java:1604)
]]></error>
    <system-out><![CDATA[createTask
]]></system-out>
  </testcase>
  <testcase name="testManageClient" classname="ec.edu.espe.AlertSystem.view.BossViewTest" time="0.003">
    <error message="Cannot invoke &quot;ec.edu.espe.AlertSystem.view.BossView.manageClient()&quot; because &quot;instance&quot; is null" type="java.lang.NullPointerException"><![CDATA[java.lang.NullPointerException: Cannot invoke "ec.edu.espe.AlertSystem.view.BossView.manageClient()" because "instance" is null
	at ec.edu.espe.AlertSystem.view.BossViewTest.testManageClient(BossViewTest.java:57)
	at java.base/java.lang.reflect.Method.invoke(Method.java:565)
	at java.base/java.util.ArrayList.forEach(ArrayList.java:1604)
	at java.base/java.util.ArrayList.forEach(ArrayList.java:1604)
]]></error>
    <system-out><![CDATA[manageClient
]]></system-out>
  </testcase>
</testsuite>