<?xml version="1.0" encoding="UTF-8"?>
<testsuite xmlns:xsi="http://www.w3.org/2001/XMLSchema-instance" xsi:noNamespaceSchemaLocation="https://maven.apache.org/surefire/maven-surefire-plugin/xsd/surefire-test-report-3.0.xsd" version="3.0" name="ec.edu.espe.alertsystem.view.FrmAddBussinesTest" time="1.447" tests="15" errors="2" skipped="0" failures="0">
  <properties>
[...]
</properties>
  <testcase name="testDateParsingMonth" classname="ec.edu.espe.alertsystem.view.FrmAddBussinesTest" time="0.064"/>
  <testcase name="testEmptyFieldsClearsLegalRepresentative" classname="ec.edu.espe.alertsystem.view.FrmAddBussinesTest" time="0.767"/>
  <testcase name="testEmptyFieldsClearDescription" classname="ec.edu.espe.alertsystem.view.FrmAddBussinesTest" time="0.069">
    <error message="class javax.swing.JTextArea cannot be cast to class javax.swing.JTextField (javax.swing.JTextArea and javax.swing.JTextField are in module java.desktop of loader &apos;bootstrap&apos;)" type="java.lang.ClassCastException"><![CDATA[java.lang.ClassCastException: class javax.swing.JTextArea cannot be cast to class javax.swing.JTextField (javax.swing.JTextArea and javax.swing.JTextField are in module java.desktop of loader 'bootstrap')
	at ec.edu.espe.alertsystem.view.FrmAddBussinesTest.testEmptyFieldsClearDescription(FrmAddBussinesTest.java:195)
	at java.base/java.lang.reflect.Method.invoke(Method.java:565)
	at java.base/java.util.ArrayList.forEach(ArrayList.java:1604)
	at java.base/java.util.ArrayList.forEach(ArrayList.java:1604)
]]></error>
  </testcase>
  <testcase name="testDateParsingDay" classname="ec.edu.espe.alertsystem.view.FrmAddBussinesTest" time="0.005"/>
  <testcase name="testEmptyFieldsClearSector" classname="ec.edu.espe.alertsystem.view.FrmAddBussinesTest" time="0.074"/>
  <testcase name="testEmptyFieldsClearStreet" classname="ec.edu.espe.alertsystem.view.FrmAddBussinesTest" time="0.043"/>
  <testcase name="testDateParsingYear" classname="ec.edu.espe.alertsystem.view.FrmAddBussinesTest" time="0.004"/>
  <testcase name="testEmptyFieldsClearRuc" classname="ec.edu.espe.alertsystem.view.FrmAddBussinesTest" time="0.06"/>
  <testcase name="testInstanceNotNull" classname="ec.edu.espe.alertsystem.view.FrmAddBussinesTest" time="0.042"/>
  <testcase name="testEmptyFieldsClearEmail" classname="ec.edu.espe.alertsystem.view.FrmAddBussinesTest" time="0.041"/>
  <testcase name="testEmptyFieldsClearPhone" classname="ec.edu.espe.alertsystem.view.FrmAddBussinesTest" time="0.034"/>
  <testcase name="testEmptyFieldsClearsName" classname="ec.edu.espe.alertsystem.view.FrmAddBussinesTest" time="0.04"/>
  <testcase name="testEmptyFieldTypeBussines" classname="ec.edu.espe.alertsystem.view.FrmAddBussinesTest" time="0.033">
    <error message="txtTypeBussines" type="java.lang.NoSuchFieldException"><![CDATA[java.lang.NoSuchFieldException: txtTypeBussines
	at java.base/java.lang.Class.getDeclaredField(Class.java:2384)
	at ec.edu.espe.alertsystem.view.FrmAddBussinesTest.testEmptyFieldTypeBussines(FrmAddBussinesTest.java:81)
	at java.base/java.lang.reflect.Method.invoke(Method.java:565)
	at java.base/java.util.ArrayList.forEach(ArrayList.java:1604)
	at java.base/java.util.ArrayList.forEach(ArrayList.java:1604)
]]></error>
  </testcase>
  <testcase name="testEmptyFieldsClearCity" classname="ec.edu.espe.alertsystem.view.FrmAddBussinesTest" time="0.046"/>
  <testcase name="testEmptyFieldsClearHour" classname="ec.edu.espe.alertsystem.view.FrmAddBussinesTest" time="0.045"/>
</testsuite>