<?xml version="1.0" encoding="UTF-8"?>
<testsuite xmlns:xsi="http://www.w3.org/2001/XMLSchema-instance" xsi:noNamespaceSchemaLocation="https://maven.apache.org/surefire/maven-surefire-plugin/xsd/surefire-test-report-3.0.xsd" version="3.0" name="ec.edu.espe.alertsystem.view.FrmAlertSystemLoginTest" time="0.139" tests="3" errors="0" skipped="0" failures="1">
  <properties>
[...]
</properties>
  <testcase name="testButtonText" classname="ec.edu.espe.alertsystem.view.FrmAlertSystemLoginTest" time="0.106">
    <failure message="expected: &lt;Iniciar sesion&gt; but was: &lt;Aceptar&gt;" type="org.opentest4j.AssertionFailedError"><![CDATA[org.opentest4j.AssertionFailedError: expected: <Iniciar sesion> but was: <Aceptar>
	at org.junit.jupiter.api.AssertionFailureBuilder.build(AssertionFailureBuilder.java:151)
	at org.junit.jupiter.api.AssertionFailureBuilder.buildAndThrow(AssertionFailureBuilder.java:132)
	at org.junit.jupiter.api.AssertEquals.failNotEqual(AssertEquals.java:197)
	at org.junit.jupiter.api.AssertEquals.assertEquals(AssertEquals.java:182)
	at org.junit.jupiter.api.AssertEquals.assertEquals(AssertEquals.java:177)
	at org.junit.jupiter.api.Assertions.assertEquals(Assertions.java:1145)
	at ec.edu.espe.alertsystem.view.FrmAlertSystemLoginTest.testButtonText(FrmAlertSystemLoginTest.java:47)
	at java.base/java.lang.reflect.Method.invoke(Method.java:565)
	at java.base/java.util.ArrayList.forEach(ArrayList.java:1604)
	at java.base/java.util.ArrayList.forEach(ArrayList.java:1604)
]]></failure>
  </testcase>
  <testcase name="testInstanceNotNull" classname="ec.edu.espe.alertsystem.view.FrmAlertSystemLoginTest" time="0.014"/>
  <testcase name="testEmptyFieldsLogic" classname="ec.edu.espe.alertsystem.view.FrmAlertSystemLoginTest" time="0.011"/>
</testsuite>